0 info it worked if it ends with ok
1 verbose cli [ 'C:\\Program Files (x86)\\nodejs\\node.exe',
1 verbose cli   'C:\\Program Files (x86)\\nodejs\\node_modules\\npm\\bin\\npm-cli.js',
1 verbose cli   'run',
1 verbose cli   'startandbuild' ]
2 info using npm@3.10.10
3 info using node@v6.10.3
4 verbose run-script [ 'prestartandbuild', 'startandbuild', 'poststartandbuild' ]
5 info lifecycle uebung6@1.0.0~prestartandbuild: uebung6@1.0.0
6 silly lifecycle uebung6@1.0.0~prestartandbuild: no script for prestartandbuild, continuing
7 info lifecycle uebung6@1.0.0~startandbuild: uebung6@1.0.0
8 verbose lifecycle uebung6@1.0.0~startandbuild: unsafe-perm in lifecycle true
9 verbose lifecycle uebung6@1.0.0~startandbuild: PATH: C:\Program Files (x86)\nodejs\node_modules\npm\bin\node-gyp-bin;C:\Users\Konstantin\Dropbox\Medieninformatik\4. Semester\Webentwicklung\2. Übung\Lösungen\Übung6\node_modules\.bin;C:\Program Files (x86)\Common Files\Intel\Shared Libraries\redist\intel64\compiler;C:\ProgramData\Oracle\Java\javapath;C:\Program Files (x86)\Intel\TXE Components\iCLS\;C:\Program Files\Intel\TXE Components\iCLS\;C:\Windows\system32;C:\Windows;C:\Windows\System32\Wbem;C:\Windows\System32\WindowsPowerShell\v1.0\;C:\Program Files\Intel\TXE Components\DAL\;C:\Program Files (x86)\Intel\TXE Components\DAL\;C:\Program Files\Intel\TXE Components\IPT\;C:\Program Files (x86)\Intel\TXE Components\IPT\;C:\Program Files (x86)\GtkSharp\2.12\bin;C:\Program Files (x86)\nodejs\;.\node_modules\.bin\;C:\Users\Konstantin\AppData\Local\Microsoft\WindowsApps;C:\Program Files (x86)\Microsoft VS Code\bin;C:\Users\Konstantin\AppData\Roaming\npm
10 verbose lifecycle uebung6@1.0.0~startandbuild: CWD: C:\Users\Konstantin\Dropbox\Medieninformatik\4. Semester\Webentwicklung\2. Übung\Lösungen\Übung6
11 silly lifecycle uebung6@1.0.0~startandbuild: Args: [ '/d /s /c', 'npm run build && live-server src/' ]
12 silly lifecycle uebung6@1.0.0~startandbuild: Returned: code: 1  signal: null
13 info lifecycle uebung6@1.0.0~startandbuild: Failed to exec startandbuild script
14 verbose stack Error: uebung6@1.0.0 startandbuild: `npm run build && live-server src/`
14 verbose stack Exit status 1
14 verbose stack     at EventEmitter.<anonymous> (C:\Program Files (x86)\nodejs\node_modules\npm\lib\utils\lifecycle.js:255:16)
14 verbose stack     at emitTwo (events.js:106:13)
14 verbose stack     at EventEmitter.emit (events.js:191:7)
14 verbose stack     at ChildProcess.<anonymous> (C:\Program Files (x86)\nodejs\node_modules\npm\lib\utils\spawn.js:40:14)
14 verbose stack     at emitTwo (events.js:106:13)
14 verbose stack     at ChildProcess.emit (events.js:191:7)
14 verbose stack     at maybeClose (internal/child_process.js:886:16)
14 verbose stack     at Process.ChildProcess._handle.onexit (internal/child_process.js:226:5)
15 verbose pkgid uebung6@1.0.0
16 verbose cwd C:\Users\Konstantin\Dropbox\Medieninformatik\4. Semester\Webentwicklung\2. Übung\Lösungen\Übung6
17 error Windows_NT 10.0.14393
18 error argv "C:\\Program Files (x86)\\nodejs\\node.exe" "C:\\Program Files (x86)\\nodejs\\node_modules\\npm\\bin\\npm-cli.js" "run" "startandbuild"
19 error node v6.10.3
20 error npm  v3.10.10
21 error code ELIFECYCLE
22 error uebung6@1.0.0 startandbuild: `npm run build && live-server src/`
22 error Exit status 1
23 error Failed at the uebung6@1.0.0 startandbuild script 'npm run build && live-server src/'.
23 error Make sure you have the latest version of node.js and npm installed.
23 error If you do, this is most likely a problem with the uebung6 package,
23 error not with npm itself.
23 error Tell the author that this fails on your system:
23 error     npm run build && live-server src/
23 error You can get information on how to open an issue for this project with:
23 error     npm bugs uebung6
23 error Or if that isn't available, you can get their info via:
23 error     npm owner ls uebung6
23 error There is likely additional logging output above.
24 verbose exit [ 1, true ]
